<?xml version="1.0" encoding="UTF-8"?>
<!-- Generated by org.testng.reporters.JUnitReportReporter -->
<testsuite hostname="TejaSwaroop" failures="0" tests="1" name="testpackage.GmailTest" time="13.042" errors="1" timestamp="2022-08-16T17:07:26 BST" skipped="0">
  <testcase classname="testpackage.GmailTest" name="runScenario" time="13.042">
    <error message="Cannot locate an element using xpath=//*[@id=&#039;view_container&#039;]/div/div/div[2]/div/div[1]/div/form/span/section/div/div/div/div/ul/li[2]/div
For documentation on this error, please visit: https://www.seleniumhq.org/exceptions/no_such_element.html
Build info: version: &#039;3.141.59&#039;, revision: &#039;e82be7d358&#039;, time: &#039;2018-11-14T08:17:03&#039;
System info: host: &#039;TEJASWAROOP&#039;, ip: &#039;192.168.1.12&#039;, os.name: &#039;Windows 10&#039;, os.arch: &#039;amd64&#039;, os.version: &#039;10.0&#039;, java.version: &#039;18.0.2&#039;
Driver info: driver.version: RemoteWebDriver" type="org.openqa.selenium.NoSuchElementException">
      <![CDATA[org.openqa.selenium.NoSuchElementException: Cannot locate an element using xpath=//*[@id='view_container']/div/div/div[2]/div/div[1]/div/form/span/section/div/div/div/div/ul/li[2]/div
For documentation on this error, please visit: https://www.seleniumhq.org/exceptions/no_such_element.html
Build info: version: '3.141.59', revision: 'e82be7d358', time: '2018-11-14T08:17:03'
System info: host: 'TEJASWAROOP', ip: '192.168.1.12', os.name: 'Windows 10', os.arch: 'amd64', os.version: '10.0', java.version: '18.0.2'
Driver info: driver.version: RemoteWebDriver
at org.openqa.selenium.remote.RemoteWebDriver.findElement(RemoteWebDriver.java:327)
at org.openqa.selenium.remote.RemoteWebDriver.findElementByXPath(RemoteWebDriver.java:428)
at org.openqa.selenium.By$ByXPath.findElement(By.java:353)
at org.openqa.selenium.remote.RemoteWebDriver.findElement(RemoteWebDriver.java:315)
at modulepackage.ModuleClass.gmailAccountLogin(ModuleClass.java:23)
at stepdefinitionpackage.StepDefinitionClass.GmailAccountlogin(StepDefinitionClass.java:15)
at ✽.Login to Gmail account(file:///C:/Users/Teja%20Swaroop/eclipse-workspace/MavenPractice/Feature/Sample.feature:6)
]]>
    </error>
  </testcase> <!-- runScenario -->
  <system-out/>
</testsuite> <!-- testpackage.GmailTest -->
