<?xml version="1.0" encoding="UTF-8"?>
<testng-results ignored="0" total="1" passed="1" failed="0" skipped="0">
  <reporter-output>
  </reporter-output>
  <suite started-at="2022-11-30T00:41:48 GMT" name="Default suite" finished-at="2022-11-30T00:42:04 GMT" duration-ms="16018">
    <groups>
      <group name="cucumber">
        <method signature="AbstractTestNGCucumberTests.runScenario(io.cucumber.testng.PickleWrapper,io.cucumber.testng.FeatureWrapper)[pri:0, instance:testpackage.DemoSiteTest@7530ad9c]" name="runScenario" class="io.cucumber.testng.AbstractTestNGCucumberTests"/>
      </group> <!-- cucumber -->
    </groups>
    <test started-at="2022-11-30T00:41:48 GMT" name="Default test" finished-at="2022-11-30T00:42:04 GMT" duration-ms="16018">
      <class name="testpackage.DemoSiteTest">
        <test-method is-config="true" signature="setUpClass(org.testng.ITestContext)[pri:0, instance:testpackage.DemoSiteTest@7530ad9c]" started-at="2022-11-30T00:41:48 GMT" name="setUpClass" finished-at="2022-11-30T00:41:49 GMT" duration-ms="652" status="PASS">
          <params>
            <param index="0">
              <value>
                <![CDATA[org.testng.TestRunner@7487b142]]>
              </value>
            </param>
          </params>
          <reporter-output>
          </reporter-output>
        </test-method> <!-- setUpClass -->
        <test-method is-config="true" signature="init()[pri:0, instance:testpackage.DemoSiteTest@7530ad9c]" started-at="2022-11-30T00:41:49 GMT" name="init" finished-at="2022-11-30T00:41:49 GMT" duration-ms="2" status="PASS">
          <reporter-output>
          </reporter-output>
        </test-method> <!-- init -->
        <test-method signature="runScenario(io.cucumber.testng.PickleWrapper,io.cucumber.testng.FeatureWrapper)[pri:0, instance:testpackage.DemoSiteTest@7530ad9c]" started-at="2022-11-30T00:41:49 GMT" name="runScenario" description="Runs Cucumber Scenarios" data-provider="scenarios" finished-at="2022-11-30T00:42:04 GMT" duration-ms="15259" status="PASS">
          <params>
            <param index="0">
              <value>
                <![CDATA["Login to Demosite_test random web elements"]]>
              </value>
            </param>
            <param index="1">
              <value>
                <![CDATA["DemoSite_Feature"]]>
              </value>
            </param>
          </params>
          <reporter-output>
          </reporter-output>
        </test-method> <!-- runScenario -->
        <test-method is-config="true" signature="cleanUp()[pri:0, instance:testpackage.DemoSiteTest@7530ad9c]" started-at="2022-11-30T00:42:04 GMT" name="cleanUp" finished-at="2022-11-30T00:42:04 GMT" duration-ms="1" status="PASS">
          <reporter-output>
          </reporter-output>
        </test-method> <!-- cleanUp -->
        <test-method is-config="true" signature="tearDownClass()[pri:0, instance:testpackage.DemoSiteTest@7530ad9c]" started-at="2022-11-30T00:42:04 GMT" name="tearDownClass" finished-at="2022-11-30T00:42:04 GMT" duration-ms="46" status="PASS">
          <reporter-output>
          </reporter-output>
        </test-method> <!-- tearDownClass -->
      </class> <!-- testpackage.DemoSiteTest -->
    </test> <!-- Default test -->
  </suite> <!-- Default suite -->
</testng-results>
